TN:
SF:src/modules/appointments/services/CreateAppointmentService.ts
FN:13,(anonymous_5)
FN:18,(anonymous_6)
FNF:2
FNH:2
FNDA:2,(anonymous_5)
FNDA:3,(anonymous_6)
DA:1,1
DA:2,1
DA:4,1
DA:12,1
DA:15,2
DA:20,3
DA:22,3
DA:24,3
DA:26,2
DA:31,2
DA:35,1
LF:11
LH:11
BRDA:24,0,0,1
BRDA:24,0,1,2
BRF:2
BRH:2
end_of_record
TN:
SF:src/modules/users/services/AuthenticateUserService.ts
FN:15,(anonymous_5)
FN:22,(anonymous_6)
FNF:2
FNH:2
FNDA:3,(anonymous_5)
FNDA:3,(anonymous_6)
DA:1,1
DA:2,1
DA:4,1
DA:5,1
DA:14,1
DA:17,3
DA:19,3
DA:24,3
DA:26,3
DA:28,2
DA:30,2
DA:32,1
DA:34,1
DA:39,1
DA:43,1
LF:15
LH:15
BRDA:26,0,0,1
BRDA:26,0,1,2
BRDA:30,1,0,1
BRDA:30,1,1,1
BRF:4
BRH:4
end_of_record
TN:
SF:src/modules/users/services/CreateUserService.ts
FN:15,(anonymous_5)
FN:22,(anonymous_6)
FNF:2
FNH:2
FNDA:4,(anonymous_5)
FNDA:5,(anonymous_6)
DA:1,2
DA:3,2
DA:14,2
DA:17,4
DA:19,4
DA:24,5
DA:26,5
DA:28,4
DA:30,4
DA:36,4
DA:40,2
LF:11
LH:11
BRDA:26,0,0,1
BRDA:26,0,1,4
BRF:2
BRH:2
end_of_record
TN:
SF:src/modules/users/services/UpdateUserAvatarService.ts
FN:13,(anonymous_5)
FN:20,(anonymous_6)
FNF:2
FNH:2
FNDA:3,(anonymous_5)
FNDA:4,(anonymous_6)
DA:1,1
DA:3,1
DA:12,1
DA:15,3
DA:17,3
DA:22,4
DA:24,4
DA:26,3
DA:27,1
DA:30,3
DA:32,3
DA:33,3
DA:35,3
DA:39,1
LF:14
LH:14
BRDA:24,0,0,1
BRDA:24,0,1,3
BRDA:26,1,0,1
BRDA:26,1,1,2
BRF:4
BRH:4
end_of_record
